<?xml version="1.0" encoding="UTF-8"?>
<testsuite name="com.fullcycle.vicente.application.UseCaseTest" tests="1" skipped="0" failures="0" errors="0" timestamp="2023-01-09T19:25:28" hostname="NLAMBERT" time="0.016">
  <properties/>
  <testcase name="testCreateUseCase()" classname="com.fullcycle.vicente.application.UseCaseTest" time="0.016"/>
  <system-out><![CDATA[]]></system-out>
  <system-err><![CDATA[]]></system-err>
</testsuite>
