<?xml version="1.0" encoding="UTF-8"?>
<testsuite name="com.fullcycle.vicente.application.UseCaseTest" tests="1" skipped="0" failures="0" errors="0" timestamp="2023-01-10T19:04:45" hostname="NLAMBERT" time="0.013">
  <properties/>
  <testcase name="testCreateUseCase()" classname="com.fullcycle.vicente.application.UseCaseTest" time="0.013"/>
  <system-out><![CDATA[]]></system-out>
  <system-err><![CDATA[]]></system-err>
</testsuite>
