<?xml version="1.0" encoding="UTF-8"?>
<testsuite name="com.fullcycle.vicente.infrastructure.MainTest" tests="1" skipped="0" failures="0" errors="0" timestamp="2023-01-10T14:00:01" hostname="NLAMBERT" time="0.016">
  <properties/>
  <testcase name="mainTest()" classname="com.fullcycle.vicente.infrastructure.MainTest" time="0.016"/>
  <system-out><![CDATA[Hello world!
com.fullcycle.vicente.domain.category.Category@c63f22f6
]]></system-out>
  <system-err><![CDATA[]]></system-err>
</testsuite>
