<?xml version="1.0" encoding="UTF-8"?>
<testsuite name="com.fullcycle.vicente.domain.category.CategoryTest" tests="1" skipped="0" failures="0" errors="0" timestamp="2023-01-10T15:32:15" hostname="NLAMBERT" time="0.02">
  <properties/>
  <testcase name="givenAnInvalidNullName_whenCallNewCategoryAndValidate_thenShouldException()" classname="com.fullcycle.vicente.domain.category.CategoryTest" time="0.02"/>
  <system-out><![CDATA[]]></system-out>
  <system-err><![CDATA[]]></system-err>
</testsuite>
