<?xml version="1.0" encoding="UTF-8"?>
<testsuite name="com.fullcycle.vicente.domain.category.CategoryTest" tests="2" skipped="0" failures="0" errors="0" timestamp="2023-01-10T18:11:20" hostname="NLAMBERT" time="0.02">
  <properties/>
  <testcase name="givenAValidParams_whenCallNewCategory_thenInstantiateACategory()" classname="com.fullcycle.vicente.domain.category.CategoryTest" time="0.014"/>
  <testcase name="givenAnInvalidNullName_whenCallNewCategoryAndValidate_thenShouldException()" classname="com.fullcycle.vicente.domain.category.CategoryTest" time="0.005"/>
  <system-out><![CDATA[]]></system-out>
  <system-err><![CDATA[]]></system-err>
</testsuite>
