<?xml version="1.0" encoding="UTF-8"?>
<testsuite name="com.fullcycle.vicente.domain.category.CategoryTest" tests="7" skipped="0" failures="0" errors="0" timestamp="2023-01-10T19:04:46" hostname="NLAMBERT" time="0.028">
  <properties/>
  <testcase name="givenAnInvalidEmptyName_whenCallNewCategoryAndValidate_thenShouldException()" classname="com.fullcycle.vicente.domain.category.CategoryTest" time="0.018"/>
  <testcase name="givenAnInvalidNameLenghtLessThan3_whenCallNewCategoryAndValidate_thenShouldException()" classname="com.fullcycle.vicente.domain.category.CategoryTest" time="0.001"/>
  <testcase name="givenAValidParams_whenCallNewCategory_thenInstantiateACategory()" classname="com.fullcycle.vicente.domain.category.CategoryTest" time="0.001"/>
  <testcase name="givenAnInvalidNameLenghtMoreThan255Character_whenCallNewCategoryAndValidate_thenShouldException()" classname="com.fullcycle.vicente.domain.category.CategoryTest" time="0.001"/>
  <testcase name="givenAInvalidParamsDescriptionEmpty_whenCallNewCategory_thenInstantiateACategory()" classname="com.fullcycle.vicente.domain.category.CategoryTest" time="0.001"/>
  <testcase name="givenAInvalidParamsFalseIsActive_whenCallNewCategory_thenInstantiateACategory()" classname="com.fullcycle.vicente.domain.category.CategoryTest" time="0.001"/>
  <testcase name="givenAnInvalidNullName_whenCallNewCategoryAndValidate_thenShouldException()" classname="com.fullcycle.vicente.domain.category.CategoryTest" time="0.001"/>
  <system-out><![CDATA[]]></system-out>
  <system-err><![CDATA[]]></system-err>
</testsuite>
